Command line:
   task6_isim_beh.exe
     -simmode  gui
     -simrunnum  0
     -socket  63784

Fri Sep 18 15:02:31 2020


 Elaboration Time: 0.015625 sec

 Current Memory Usage: 5150.23 Meg

 Total Signals          : 4
 Total Nets             : 7
 Total Signal Drivers   : 1
 Total Blocks           : 2
 Total Primitive Blocks : 2
 Total Processes        : 1
 Total Traceable Variables  : 8
 Total Scalar Nets and Variables : 367
Total Line Count : 1

 Total Simulation Time: 0.015625 sec

 Current Memory Usage: 5150.23 Meg

Fri Sep 18 15:02:39 2020

