Command line:
   Task5_D_trigger_AP_tb_isim_map.exe
     -simmode  gui
     -simrunnum  0
     -socket  62121

Mon Nov 16 17:54:48 2020


 Elaboration Time: 0.046875 sec

 Current Memory Usage: 5150.26 Meg

 Total Signals          : 5
 Total Nets             : 5
 Total Signal Drivers   : 3
 Total Blocks           : 2
 Total Primitive Blocks : 2
 Total Processes        : 3
 Total Traceable Variables  : 8
 Total Scalar Nets and Variables : 365
Total Line Count : 12

 Total Simulation Time: 0.859375 sec

 Current Memory Usage: 5150.26 Meg

Mon Nov 16 17:54:58 2020

