#-----------------------------------------------------------
# PlanAhead v14.7 (64-bit)
# Build 321239 by xbuild on Fri Sep 27 19:29:51 MDT 2013
# Start of session at: Thu Sep 17 16:25:03 2020
# Process ID: 17336
# Log file: C:/Users/dimak/pocp_lab/lab_1/planAhead_run_3/planAhead.log
# Journal file: C:/Users/dimak/pocp_lab/lab_1/planAhead_run_3/planAhead.jou
#-----------------------------------------------------------
INFO: [Common 17-78] Attempting to get a license: PlanAhead
INFO: [Common 17-290] Got license for PlanAhead
INFO: [Device 21-36] Loading parts and site information from C:/Xilinx/14.7/ISE_DS/PlanAhead/data/parts/arch.xml
Parsing RTL primitives file [C:/Xilinx/14.7/ISE_DS/PlanAhead/data/parts/xilinx/rtl/prims/rtl_prims.xml]
Finished parsing RTL primitives file [C:/Xilinx/14.7/ISE_DS/PlanAhead/data/parts/xilinx/rtl/prims/rtl_prims.xml]
start_gui
source C:/Users/dimak/pocp_lab/lab_1/pa.fromNetlist.tcl
# create_project -name lab_1 -dir "C:/Users/dimak/pocp_lab/lab_1/planAhead_run_3" -part xc6slx9ftg256-3
ERROR: [Common 17-53] User Exception: Project already exists on disk, please use '-force' option to overwrite: 
     C:/Users/dimak/pocp_lab/lab_1/planAhead_run_3/lab_1.ppr
     C:/Users/dimak/pocp_lab/lab_1/planAhead_run_3/lab_1.data

    while executing
"create_project -name lab_1 -dir "C:/Users/dimak/pocp_lab/lab_1/planAhead_run_3" -part xc6slx9ftg256-3"
    (file "C:/Users/dimak/pocp_lab/lab_1/pa.fromNetlist.tcl" line 4)
exit
INFO: [Common 17-206] Exiting PlanAhead at Thu Sep 17 16:25:17 2020...
INFO: [Common 17-83] Releasing license: PlanAhead
