
****** PlanAhead v14.7 (64-bit)
  **** Build 321239 by xbuild on Fri Sep 27 19:29:51 MDT 2013
    ** Copyright 1986-1999, 2001-2013 Xilinx, Inc. All Rights Reserved.

INFO: [Common 17-78] Attempting to get a license: PlanAhead
INFO: [Common 17-290] Got license for PlanAhead
INFO: [Device 21-36] Loading parts and site information from C:/Xilinx/14.7/ISE_DS/PlanAhead/data/parts/arch.xml
Parsing RTL primitives file [C:/Xilinx/14.7/ISE_DS/PlanAhead/data/parts/xilinx/rtl/prims/rtl_prims.xml]
Finished parsing RTL primitives file [C:/Xilinx/14.7/ISE_DS/PlanAhead/data/parts/xilinx/rtl/prims/rtl_prims.xml]
start_gui
source C:/Users/dimak/pocp_lab/lab_1/pa.fromNetlist.tcl
# create_project -name lab_1 -dir "C:/Users/dimak/pocp_lab/lab_1/planAhead_run_3" -part xc6slx9ftg256-3
# set_property design_mode GateLvl [get_property srcset [current_run -impl]]
# set_property edif_top_file "C:/Users/dimak/pocp_lab/lab_1/part2.ngc" [ get_property srcset [ current_run ] ]
# add_files -norecurse { {C:/Users/dimak/pocp_lab/lab_1} }
# set_property target_constrs_file "part2_maping.ucf" [current_fileset -constrset]
Adding file 'C:/Users/dimak/pocp_lab/lab_1/part2_maping.ucf' to fileset 'constrs_1'
# add_files [list {part2_maping.ucf}] -fileset [get_property constrset [current_run]]
# link_design
Design is defaulting to srcset: sources_1
Design is defaulting to constrset: constrs_1
Design is defaulting to project part: xc6slx9ftg256-3
Release 14.7 - ngc2edif P.20131013 (nt64)
Copyright (c) 1995-2013 Xilinx, Inc.  All rights reserved.
Reading design part2.ngc ...
WARNING:NetListWriters:298 - No output is written to part2.xncf, ignored.
Processing design ...
   Preping design's networks ...
   Preping design's macros ...
  finished :Prep
Writing EDIF netlist file part2.edif ...
ngc2edif: Total memory usage is 4311368 kilobytes

Parsing EDIF File [./planAhead_run_3/lab_1.data/cache/part2_ngc_zx.edif]
INFO: [Common 17-41] Interrupt caught. Command should exit soon.
INFO: [Common 17-344] 'link_design' was cancelled
INFO: [Common 17-344] 'source' was cancelled
exit
ERROR: [Common 17-39] 'stop_gui' failed due to earlier errors.
INFO: [Common 17-206] Exiting PlanAhead at Thu Sep 17 16:25:22 2020...
INFO: [Common 17-83] Releasing license: PlanAhead
