Running: D:\Xilinx\14.7\ISE_DS\ISE\bin\nt64\unwrapped\fuse.exe -intstyle ise -incremental -lib secureip -o D:/XilinxLabs/Lab4/MySignatureAnalizer_tb_isim_beh.exe -prj D:/XilinxLabs/Lab4/MySignatureAnalizer_tb_beh.prj work.MySignatureAnalizer_tb 
ISim P.20131013 (signature 0x7708f090)
Number of CPUs detected in this system: 8
Turning on mult-threading, number of parallel sub-compilation jobs: 16 
Determining compilation order of HDL files
Parsing VHDL file "D:/XilinxLabs/Lab4/Var9Beh_Wrong.vhd" into library work
Parsing VHDL file "D:/XilinxLabs/Lab4/Var9Beh.vhd" into library work
Parsing VHDL file "D:/XilinxLabs/Lab4/MySygTestLFSR.vhd" into library work
Parsing VHDL file "D:/XilinxLabs/Lab4/MySignatureAnalizer.vhd" into library work
Parsing VHDL file "D:/XilinxLabs/Lab4/MySignatureAnalizer_tb.vhd" into library work
Starting static elaboration
Completed static elaboration
Compiling package standard
Compiling package std_logic_1164
Compiling architecture behavioral of entity MySygTestLFSR [mysygtestlfsr_default]
Compiling architecture behavioral of entity Var9Beh [var9beh_default]
Compiling architecture behavioral of entity Var9Beh_Wrong [var9beh_wrong_default]
Compiling architecture behavioral of entity MySignatureAnalizer [mysignatureanalizer_default]
Compiling architecture behavior of entity mysignatureanalizer_tb
Time Resolution for simulation is 1ps.
WARNING:Simulator - Unable to copy libPortabilityNOSH.dll to the simulation executable directory: boost::filesystem::copy_file: Системе не удается найти указанный путь, "isim\MySignatureAnalizer_tb_isim_beh.exe.sim\libPortability.dll".
Compiled 11 VHDL Units
Built simulation executable D:/XilinxLabs/Lab4/MySignatureAnalizer_tb_isim_beh.exe
Fuse Memory Usage: 30100 KB
Fuse CPU Usage: 577 ms
