Release 14.7 - xst P.20131013 (nt64)
Copyright (c) 1995-2013 Xilinx, Inc.  All rights reserved.
--> Parameter TMPDIR set to xst/projnav.tmp


Total REAL time to Xst completion: 0.00 secs
Total CPU time to Xst completion: 0.08 secs
 
--> Parameter xsthdpdir set to xst


Total REAL time to Xst completion: 0.00 secs
Total CPU time to Xst completion: 0.08 secs
 
--> Reading design: MyAsyncRegisterBeh.prj

TABLE OF CONTENTS
  1) Synthesis Options Summary
  2) HDL Parsing
  3) HDL Elaboration
  4) HDL Synthesis
       4.1) HDL Synthesis Report
  5) Advanced HDL Synthesis
       5.1) Advanced HDL Synthesis Report
  6) Low Level Synthesis
  7) Partition Report
  8) Design Summary
       8.1) Primitive and Black Box Usage
       8.2) Device utilization summary
       8.3) Partition Resource Summary
       8.4) Timing Report
            8.4.1) Clock Information
            8.4.2) Asynchronous Control Signals Information
            8.4.3) Timing Summary
            8.4.4) Timing Details
            8.4.5) Cross Clock Domains Report


=========================================================================
*                      Synthesis Options Summary                        *
=========================================================================
---- Source Parameters
Input File Name                    : "MyAsyncRegisterBeh.prj"
Ignore Synthesis Constraint File   : NO

---- Target Parameters
Output File Name                   : "MyAsyncRegisterBeh"
Output Format                      : NGC
Target Device                      : xc6slx9-2-ftg256

---- Source Options
Top Module Name                    : MyAsyncRegisterBeh
Automatic FSM Extraction           : YES
FSM Encoding Algorithm             : Auto
Safe Implementation                : No
FSM Style                          : LUT
RAM Extraction                     : Yes
RAM Style                          : Auto
ROM Extraction                     : Yes
Shift Register Extraction          : YES
ROM Style                          : Auto
Resource Sharing                   : YES
Asynchronous To Synchronous        : NO
Shift Register Minimum Size        : 2
Use DSP Block                      : Auto
Automatic Register Balancing       : No

---- Target Options
LUT Combining                      : Auto
Reduce Control Sets                : Auto
Add IO Buffers                     : YES
Global Maximum Fanout              : 100000
Add Generic Clock Buffer(BUFG)     : 16
Register Duplication               : YES
Optimize Instantiated Primitives   : NO
Use Clock Enable                   : Auto
Use Synchronous Set                : Auto
Use Synchronous Reset              : Auto
Pack IO Registers into IOBs        : Auto
Equivalent register Removal        : YES

---- General Options
Optimization Goal                  : Speed
Optimization Effort                : 1
Power Reduction                    : NO
Keep Hierarchy                     : No
Netlist Hierarchy                  : As_Optimized
RTL Output                         : Yes
Global Optimization                : AllClockNets
Read Cores                         : YES
Write Timing Constraints           : NO
Cross Clock Analysis               : NO
Hierarchy Separator                : /
Bus Delimiter                      : <>
Case Specifier                     : Maintain
Slice Utilization Ratio            : 100
BRAM Utilization Ratio             : 100
DSP48 Utilization Ratio            : 100
Auto BRAM Packing                  : NO
Slice Utilization Ratio Delta      : 5

=========================================================================


=========================================================================
*                          HDL Parsing                                  *
=========================================================================
Parsing VHDL file "D:\XilinxLabs\Lab4\MyAsyncRegisterBeh.vhd" into library work
Parsing entity <MyAsyncRegisterBeh>.
Parsing architecture <Behavioral> of entity <myasyncregisterbeh>.

=========================================================================
*                            HDL Elaboration                            *
=========================================================================

Elaborating entity <MyAsyncRegisterBeh> (architecture <Behavioral>) with generics from library <work>.
WARNING:HDLCompiler:92 - "D:\XilinxLabs\Lab4\MyAsyncRegisterBeh.vhd" Line 47: data should be on the sensitivity list of the process

=========================================================================
*                           HDL Synthesis                               *
=========================================================================

Synthesizing Unit <MyAsyncRegisterBeh>.
    Related source file is "D:\XilinxLabs\Lab4\MyAsyncRegisterBeh.vhd".
        bitness = 4
WARNING:Xst:737 - Found 1-bit latch for signal <data<2>>. Latches may be generated from incomplete case or if statements. We do not recommend the use of latches in FPGA/CPLD designs, as they may lead to timing problems.
WARNING:Xst:737 - Found 1-bit latch for signal <data<1>>. Latches may be generated from incomplete case or if statements. We do not recommend the use of latches in FPGA/CPLD designs, as they may lead to timing problems.
WARNING:Xst:737 - Found 1-bit latch for signal <data<0>>. Latches may be generated from incomplete case or if statements. We do not recommend the use of latches in FPGA/CPLD designs, as they may lead to timing problems.
WARNING:Xst:737 - Found 1-bit latch for signal <data<3>>. Latches may be generated from incomplete case or if statements. We do not recommend the use of latches in FPGA/CPLD designs, as they may lead to timing problems.
    Found 4-bit comparator equal for signal <n0000> created at line 47
    Summary:
	inferred   4 Latch(s).
	inferred   1 Comparator(s).
Unit <MyAsyncRegisterBeh> synthesized.

=========================================================================
HDL Synthesis Report

Macro Statistics
# Latches                                              : 4
 1-bit latch                                           : 4
# Comparators                                          : 1
 4-bit comparator equal                                : 1

=========================================================================

=========================================================================
*                       Advanced HDL Synthesis                          *
=========================================================================


=========================================================================
Advanced HDL Synthesis Report

Macro Statistics
# Comparators                                          : 1
 4-bit comparator equal                                : 1

=========================================================================

=========================================================================
*                         Low Level Synthesis                           *
=========================================================================

Optimizing unit <MyAsyncRegisterBeh> ...

Mapping all equations...
Building and optimizing final netlist ...
Found area constraint ratio of 100 (+ 5) on block MyAsyncRegisterBeh, actual ratio is 0.
Latch data_3 has been replicated 1 time(s) to handle iob=true attribute.
Latch data_2 has been replicated 1 time(s) to handle iob=true attribute.
Latch data_1 has been replicated 1 time(s) to handle iob=true attribute.
Latch data_0 has been replicated 1 time(s) to handle iob=true attribute.

Final Macro Processing ...

=========================================================================
Final Register Report

Found no macro
=========================================================================

=========================================================================
*                           Partition Report                            *
=========================================================================

Partition Implementation Status
-------------------------------

  No Partitions were found in this design.

-------------------------------

=========================================================================
*                            Design Summary                             *
=========================================================================

Top Level Output File Name         : MyAsyncRegisterBeh.ngc

Primitive and Black Box Usage:
------------------------------
# BELS                             : 2
#      LUT4                        : 1
#      LUT5                        : 1
# FlipFlops/Latches                : 8
#      LD_1                        : 8
# IO Buffers                       : 8
#      IBUF                        : 4
#      OBUF                        : 4

Device utilization summary:
---------------------------

Selected Device : 6slx9ftg256-2 


Slice Logic Utilization: 
 Number of Slice Registers:               4  out of  11440     0%  
 Number of Slice LUTs:                    2  out of   5720     0%  
    Number used as Logic:                 2  out of   5720     0%  

Slice Logic Distribution: 
 Number of LUT Flip Flop pairs used:      6
   Number with an unused Flip Flop:       2  out of      6    33%  
   Number with an unused LUT:             4  out of      6    66%  
   Number of fully used LUT-FF pairs:     0  out of      6     0%  
   Number of unique control sets:         1

IO Utilization: 
 Number of IOs:                           8
 Number of bonded IOBs:                   8  out of    186     4%  
    IOB Flip Flops/Latches:               4

Specific Feature Utilization:

---------------------------
Partition Resource Summary:
---------------------------

  No Partitions were found in this design.

---------------------------


=========================================================================
Timing Report

NOTE: THESE TIMING NUMBERS ARE ONLY A SYNTHESIS ESTIMATE.
      FOR ACCURATE TIMING INFORMATION PLEASE REFER TO THE TRACE REPORT
      GENERATED AFTER PLACE-and-ROUTE.

Clock Information:
------------------
-----------------------------------+------------------------+-------+
Clock Signal                       | Clock buffer(FF name)  | Load  |
-----------------------------------+------------------------+-------+
n0000(n00004:O)                    | NONE(*)(data_1)        | 8     |
-----------------------------------+------------------------+-------+
(*) This 1 clock signal(s) are generated by combinatorial logic,
and XST is not able to identify which are the primary clock signals.
Please use the CLOCK_SIGNAL constraint to specify the clock signal(s) generated by combinatorial logic.
INFO:Xst:2169 - HDL ADVISOR - Some clock signals were not automatically buffered by XST with BUFG/BUFR resources. Please use the buffer_type constraint in order to insert these buffers to the clock signals to help prevent skew problems.

Asynchronous Control Signals Information:
----------------------------------------
No asynchronous control signals found in this design

Timing Summary:
---------------
Speed Grade: -2

   Minimum period: No path found
   Minimum input arrival time before clock: 2.129ns
   Maximum output required time after clock: 4.174ns
   Maximum combinational path delay: No path found

Timing Details:
---------------
All values displayed in nanoseconds (ns)

=========================================================================
Timing constraint: Default OFFSET IN BEFORE for Clock 'n0000'
  Total number of paths / destination ports: 8 / 8
-------------------------------------------------------------------------
Offset:              2.129ns (Levels of Logic = 1)
  Source:            D<1> (PAD)
  Destination:       data_1 (LATCH)
  Destination Clock: n0000 rising

  Data Path: D<1> to data_1
                                Gate     Net
    Cell:in->out      fanout   Delay   Delay  Logical Name (Net Name)
    ----------------------------------------  ------------
     IBUF:I->O             3   1.328   0.765  D_1_IBUF (D_1_IBUF)
     LD_1:D                    0.036          data_1
    ----------------------------------------
    Total                      2.129ns (1.364ns logic, 0.765ns route)
                                       (64.1% logic, 35.9% route)

=========================================================================
Timing constraint: Default OFFSET OUT AFTER for Clock 'n0000'
  Total number of paths / destination ports: 4 / 4
-------------------------------------------------------------------------
Offset:              4.174ns (Levels of Logic = 1)
  Source:            data_3_1 (LATCH)
  Destination:       Q<3> (PAD)
  Source Clock:      n0000 rising

  Data Path: data_3_1 to Q<3>
                                Gate     Net
    Cell:in->out      fanout   Delay   Delay  Logical Name (Net Name)
    ----------------------------------------  ------------
     LD_1:G->Q             1   0.581   0.681  data_3_1 (data_3_1)
     OBUF:I->O                 2.912          Q_3_OBUF (Q<3>)
    ----------------------------------------
    Total                      4.174ns (3.493ns logic, 0.681ns route)
                                       (83.7% logic, 16.3% route)

=========================================================================

Cross Clock Domains Report:
--------------------------

=========================================================================


Total REAL time to Xst completion: 4.00 secs
Total CPU time to Xst completion: 4.37 secs
 
--> 

Total memory usage is 4486056 kilobytes

Number of errors   :    0 (   0 filtered)
Number of warnings :    5 (   0 filtered)
Number of infos    :    1 (   0 filtered)

