Release 14.7 - xst P.20131013 (nt64)
Copyright (c) 1995-2013 Xilinx, Inc.  All rights reserved.
--> Parameter TMPDIR set to xst/projnav.tmp


Total REAL time to Xst completion: 0.00 secs
Total CPU time to Xst completion: 0.08 secs
 
--> Parameter xsthdpdir set to xst


Total REAL time to Xst completion: 0.00 secs
Total CPU time to Xst completion: 0.08 secs
 
--> Reading design: MyLFSRWithInternalAdder.prj

TABLE OF CONTENTS
  1) Synthesis Options Summary
  2) HDL Parsing
  3) HDL Elaboration
  4) HDL Synthesis
       4.1) HDL Synthesis Report
  5) Advanced HDL Synthesis
       5.1) Advanced HDL Synthesis Report
  6) Low Level Synthesis
  7) Partition Report
  8) Design Summary
       8.1) Primitive and Black Box Usage
       8.2) Device utilization summary
       8.3) Partition Resource Summary
       8.4) Timing Report
            8.4.1) Clock Information
            8.4.2) Asynchronous Control Signals Information
            8.4.3) Timing Summary
            8.4.4) Timing Details
            8.4.5) Cross Clock Domains Report


=========================================================================
*                      Synthesis Options Summary                        *
=========================================================================
---- Source Parameters
Input File Name                    : "MyLFSRWithInternalAdder.prj"
Ignore Synthesis Constraint File   : NO

---- Target Parameters
Output File Name                   : "MyLFSRWithInternalAdder"
Output Format                      : NGC
Target Device                      : xc6slx9-2-ftg256

---- Source Options
Top Module Name                    : MyLFSRWithInternalAdder
Automatic FSM Extraction           : YES
FSM Encoding Algorithm             : Auto
Safe Implementation                : No
FSM Style                          : LUT
RAM Extraction                     : Yes
RAM Style                          : Auto
ROM Extraction                     : Yes
Shift Register Extraction          : YES
ROM Style                          : Auto
Resource Sharing                   : YES
Asynchronous To Synchronous        : NO
Shift Register Minimum Size        : 2
Use DSP Block                      : Auto
Automatic Register Balancing       : No

---- Target Options
LUT Combining                      : Auto
Reduce Control Sets                : Auto
Add IO Buffers                     : YES
Global Maximum Fanout              : 100000
Add Generic Clock Buffer(BUFG)     : 16
Register Duplication               : YES
Optimize Instantiated Primitives   : NO
Use Clock Enable                   : Auto
Use Synchronous Set                : Auto
Use Synchronous Reset              : Auto
Pack IO Registers into IOBs        : Auto
Equivalent register Removal        : YES

---- General Options
Optimization Goal                  : Speed
Optimization Effort                : 1
Power Reduction                    : NO
Keep Hierarchy                     : No
Netlist Hierarchy                  : As_Optimized
RTL Output                         : Yes
Global Optimization                : AllClockNets
Read Cores                         : YES
Write Timing Constraints           : NO
Cross Clock Analysis               : NO
Hierarchy Separator                : /
Bus Delimiter                      : <>
Case Specifier                     : Maintain
Slice Utilization Ratio            : 100
BRAM Utilization Ratio             : 100
DSP48 Utilization Ratio            : 100
Auto BRAM Packing                  : NO
Slice Utilization Ratio Delta      : 5

=========================================================================


=========================================================================
*                          HDL Parsing                                  *
=========================================================================
Parsing VHDL file "D:\XilinxLabs\Lab4\MyLFSRWithInternalAdder.vhd" into library work
Parsing entity <MyLFSRWithInternalAdder>.
Parsing architecture <Behavioral> of entity <mylfsrwithinternaladder>.

=========================================================================
*                            HDL Elaboration                            *
=========================================================================

Elaborating entity <MyLFSRWithInternalAdder> (architecture <Behavioral>) from library <work>.

=========================================================================
*                           HDL Synthesis                               *
=========================================================================

Synthesizing Unit <MyLFSRWithInternalAdder>.
    Related source file is "D:\XilinxLabs\Lab4\MyLFSRWithInternalAdder.vhd".
    Found 10-bit register for signal <data>.
    Summary:
	inferred  10 D-type flip-flop(s).
Unit <MyLFSRWithInternalAdder> synthesized.

=========================================================================
HDL Synthesis Report

Macro Statistics
# Registers                                            : 1
 10-bit register                                       : 1
# Xors                                                 : 1
 1-bit xor2                                            : 1

=========================================================================

=========================================================================
*                       Advanced HDL Synthesis                          *
=========================================================================


=========================================================================
Advanced HDL Synthesis Report

Macro Statistics
# Registers                                            : 10
 Flip-Flops                                            : 10
# Xors                                                 : 1
 1-bit xor2                                            : 1

=========================================================================

=========================================================================
*                         Low Level Synthesis                           *
=========================================================================

Optimizing unit <MyLFSRWithInternalAdder> ...

Mapping all equations...
Building and optimizing final netlist ...
Found area constraint ratio of 100 (+ 5) on block MyLFSRWithInternalAdder, actual ratio is 0.

Final Macro Processing ...

=========================================================================
Final Register Report

Macro Statistics
# Registers                                            : 10
 Flip-Flops                                            : 10

=========================================================================

=========================================================================
*                           Partition Report                            *
=========================================================================

Partition Implementation Status
-------------------------------

  No Partitions were found in this design.

-------------------------------

=========================================================================
*                            Design Summary                             *
=========================================================================

Top Level Output File Name         : MyLFSRWithInternalAdder.ngc

Primitive and Black Box Usage:
------------------------------
# BELS                             : 1
#      LUT2                        : 1
# FlipFlops/Latches                : 10
#      FD_1                        : 10
# Clock Buffers                    : 1
#      BUFGP                       : 1
# IO Buffers                       : 10
#      OBUF                        : 10

Device utilization summary:
---------------------------

Selected Device : 6slx9ftg256-2 


Slice Logic Utilization: 
 Number of Slice Registers:              10  out of  11440     0%  
 Number of Slice LUTs:                    1  out of   5720     0%  
    Number used as Logic:                 1  out of   5720     0%  

Slice Logic Distribution: 
 Number of LUT Flip Flop pairs used:     10
   Number with an unused Flip Flop:       0  out of     10     0%  
   Number with an unused LUT:             9  out of     10    90%  
   Number of fully used LUT-FF pairs:     1  out of     10    10%  
   Number of unique control sets:         1

IO Utilization: 
 Number of IOs:                          11
 Number of bonded IOBs:                  11  out of    186     5%  

Specific Feature Utilization:
 Number of BUFG/BUFGCTRLs:                1  out of     16     6%  

---------------------------
Partition Resource Summary:
---------------------------

  No Partitions were found in this design.

---------------------------


=========================================================================
Timing Report

NOTE: THESE TIMING NUMBERS ARE ONLY A SYNTHESIS ESTIMATE.
      FOR ACCURATE TIMING INFORMATION PLEASE REFER TO THE TRACE REPORT
      GENERATED AFTER PLACE-and-ROUTE.

Clock Information:
------------------
-----------------------------------+------------------------+-------+
Clock Signal                       | Clock buffer(FF name)  | Load  |
-----------------------------------+------------------------+-------+
C                                  | BUFGP                  | 10    |
-----------------------------------+------------------------+-------+

Asynchronous Control Signals Information:
----------------------------------------
No asynchronous control signals found in this design

Timing Summary:
---------------
Speed Grade: -2

   Minimum period: 1.683ns (Maximum Frequency: 594.177MHz)
   Minimum input arrival time before clock: No path found
   Maximum output required time after clock: 4.202ns
   Maximum combinational path delay: No path found

Timing Details:
---------------
All values displayed in nanoseconds (ns)

=========================================================================
Timing constraint: Default period analysis for Clock 'C'
  Clock period: 1.683ns (frequency: 594.177MHz)
  Total number of paths / destination ports: 11 / 10
-------------------------------------------------------------------------
Delay:               1.683ns (Levels of Logic = 1)
  Source:            data_2 (FF)
  Destination:       data_3 (FF)
  Source Clock:      C falling
  Destination Clock: C falling

  Data Path: data_2 to data_3
                                Gate     Net
    Cell:in->out      fanout   Delay   Delay  Logical Name (Net Name)
    ----------------------------------------  ------------
     FD_1:C->Q             2   0.525   0.834  data_2 (data_2)
     LUT2:I0->O            1   0.250   0.000  Mxor_data[9]_data[2]_XOR_1_o_xo<0>1 (data[9]_data[2]_XOR_1_o)
     FD_1:D                    0.074          data_3
    ----------------------------------------
    Total                      1.683ns (0.849ns logic, 0.834ns route)
                                       (50.4% logic, 49.6% route)

=========================================================================
Timing constraint: Default OFFSET OUT AFTER for Clock 'C'
  Total number of paths / destination ports: 10 / 10
-------------------------------------------------------------------------
Offset:              4.202ns (Levels of Logic = 1)
  Source:            data_9 (FF)
  Destination:       Q<9> (PAD)
  Source Clock:      C falling

  Data Path: data_9 to Q<9>
                                Gate     Net
    Cell:in->out      fanout   Delay   Delay  Logical Name (Net Name)
    ----------------------------------------  ------------
     FD_1:C->Q             3   0.525   0.765  data_9 (data_9)
     OBUF:I->O                 2.912          Q_9_OBUF (Q<9>)
    ----------------------------------------
    Total                      4.202ns (3.437ns logic, 0.765ns route)
                                       (81.8% logic, 18.2% route)

=========================================================================

Cross Clock Domains Report:
--------------------------

Clock to Setup on destination clock C
---------------+---------+---------+---------+---------+
               | Src:Rise| Src:Fall| Src:Rise| Src:Fall|
Source Clock   |Dest:Rise|Dest:Rise|Dest:Fall|Dest:Fall|
---------------+---------+---------+---------+---------+
C              |         |         |    1.683|         |
---------------+---------+---------+---------+---------+

=========================================================================


Total REAL time to Xst completion: 4.00 secs
Total CPU time to Xst completion: 4.00 secs
 
--> 

Total memory usage is 4486056 kilobytes

Number of errors   :    0 (   0 filtered)
Number of warnings :    0 (   0 filtered)
Number of infos    :    0 (   0 filtered)

