Release 14.7 - xst P.20131013 (nt64)
Copyright (c) 1995-2013 Xilinx, Inc.  All rights reserved.
--> Parameter TMPDIR set to xst/projnav.tmp


Total REAL time to Xst completion: 0.00 secs
Total CPU time to Xst completion: 0.08 secs
 
--> Parameter xsthdpdir set to xst


Total REAL time to Xst completion: 0.00 secs
Total CPU time to Xst completion: 0.08 secs
 
--> Reading design: MyShiftRegisterBeh.prj

TABLE OF CONTENTS
  1) Synthesis Options Summary
  2) HDL Parsing
  3) HDL Elaboration
  4) HDL Synthesis
       4.1) HDL Synthesis Report
  5) Advanced HDL Synthesis
       5.1) Advanced HDL Synthesis Report
  6) Low Level Synthesis
  7) Partition Report
  8) Design Summary
       8.1) Primitive and Black Box Usage
       8.2) Device utilization summary
       8.3) Partition Resource Summary
       8.4) Timing Report
            8.4.1) Clock Information
            8.4.2) Asynchronous Control Signals Information
            8.4.3) Timing Summary
            8.4.4) Timing Details
            8.4.5) Cross Clock Domains Report


=========================================================================
*                      Synthesis Options Summary                        *
=========================================================================
---- Source Parameters
Input File Name                    : "MyShiftRegisterBeh.prj"
Ignore Synthesis Constraint File   : NO

---- Target Parameters
Output File Name                   : "MyShiftRegisterBeh"
Output Format                      : NGC
Target Device                      : xc6slx9-2-ftg256

---- Source Options
Top Module Name                    : MyShiftRegisterBeh
Automatic FSM Extraction           : YES
FSM Encoding Algorithm             : Auto
Safe Implementation                : No
FSM Style                          : LUT
RAM Extraction                     : Yes
RAM Style                          : Auto
ROM Extraction                     : Yes
Shift Register Extraction          : YES
ROM Style                          : Auto
Resource Sharing                   : YES
Asynchronous To Synchronous        : NO
Shift Register Minimum Size        : 2
Use DSP Block                      : Auto
Automatic Register Balancing       : No

---- Target Options
LUT Combining                      : Auto
Reduce Control Sets                : Auto
Add IO Buffers                     : YES
Global Maximum Fanout              : 100000
Add Generic Clock Buffer(BUFG)     : 16
Register Duplication               : YES
Optimize Instantiated Primitives   : NO
Use Clock Enable                   : Auto
Use Synchronous Set                : Auto
Use Synchronous Reset              : Auto
Pack IO Registers into IOBs        : Auto
Equivalent register Removal        : YES

---- General Options
Optimization Goal                  : Speed
Optimization Effort                : 1
Power Reduction                    : NO
Keep Hierarchy                     : No
Netlist Hierarchy                  : As_Optimized
RTL Output                         : Yes
Global Optimization                : AllClockNets
Read Cores                         : YES
Write Timing Constraints           : NO
Cross Clock Analysis               : NO
Hierarchy Separator                : /
Bus Delimiter                      : <>
Case Specifier                     : Maintain
Slice Utilization Ratio            : 100
BRAM Utilization Ratio             : 100
DSP48 Utilization Ratio            : 100
Auto BRAM Packing                  : NO
Slice Utilization Ratio Delta      : 5

=========================================================================


=========================================================================
*                          HDL Parsing                                  *
=========================================================================
Parsing VHDL file "D:\XilinxLabs\Lab4\MyShiftRegisterBeh.vhd" into library work
Parsing entity <MyShiftRegisterBeh>.
Parsing architecture <Behavioral> of entity <myshiftregisterbeh>.

=========================================================================
*                            HDL Elaboration                            *
=========================================================================

Elaborating entity <MyShiftRegisterBeh> (architecture <Behavioral>) with generics from library <work>.

=========================================================================
*                           HDL Synthesis                               *
=========================================================================

Synthesizing Unit <MyShiftRegisterBeh>.
    Related source file is "D:\XilinxLabs\Lab4\MyShiftRegisterBeh.vhd".
        bitness = 4
    Found 4-bit register for signal <Q>.
    Summary:
	inferred   4 D-type flip-flop(s).
Unit <MyShiftRegisterBeh> synthesized.

=========================================================================
HDL Synthesis Report

Macro Statistics
# Registers                                            : 1
 4-bit register                                        : 1

=========================================================================

=========================================================================
*                       Advanced HDL Synthesis                          *
=========================================================================


=========================================================================
Advanced HDL Synthesis Report

Macro Statistics
# Registers                                            : 4
 Flip-Flops                                            : 4

=========================================================================

=========================================================================
*                         Low Level Synthesis                           *
=========================================================================

Optimizing unit <MyShiftRegisterBeh> ...

Mapping all equations...
Building and optimizing final netlist ...
Found area constraint ratio of 100 (+ 5) on block MyShiftRegisterBeh, actual ratio is 0.
FlipFlop data_0 has been replicated 1 time(s) to handle iob=true attribute.

Final Macro Processing ...

=========================================================================
Final Register Report

Macro Statistics
# Registers                                            : 5
 Flip-Flops                                            : 5

=========================================================================

=========================================================================
*                           Partition Report                            *
=========================================================================

Partition Implementation Status
-------------------------------

  No Partitions were found in this design.

-------------------------------

=========================================================================
*                            Design Summary                             *
=========================================================================

Top Level Output File Name         : MyShiftRegisterBeh.ngc

Primitive and Black Box Usage:
------------------------------
# FlipFlops/Latches                : 5
#      FDCE_1                      : 5
# Clock Buffers                    : 1
#      BUFGP                       : 1
# IO Buffers                       : 7
#      IBUF                        : 3
#      OBUF                        : 4

Device utilization summary:
---------------------------

Selected Device : 6slx9ftg256-2 


Slice Logic Utilization: 
 Number of Slice Registers:               4  out of  11440     0%  

Slice Logic Distribution: 
 Number of LUT Flip Flop pairs used:      4
   Number with an unused Flip Flop:       0  out of      4     0%  
   Number with an unused LUT:             4  out of      4   100%  
   Number of fully used LUT-FF pairs:     0  out of      4     0%  
   Number of unique control sets:         1

IO Utilization: 
 Number of IOs:                           8
 Number of bonded IOBs:                   8  out of    186     4%  
    IOB Flip Flops/Latches:               1

Specific Feature Utilization:
 Number of BUFG/BUFGCTRLs:                1  out of     16     6%  

---------------------------
Partition Resource Summary:
---------------------------

  No Partitions were found in this design.

---------------------------


=========================================================================
Timing Report

NOTE: THESE TIMING NUMBERS ARE ONLY A SYNTHESIS ESTIMATE.
      FOR ACCURATE TIMING INFORMATION PLEASE REFER TO THE TRACE REPORT
      GENERATED AFTER PLACE-and-ROUTE.

Clock Information:
------------------
-----------------------------------+------------------------+-------+
Clock Signal                       | Clock buffer(FF name)  | Load  |
-----------------------------------+------------------------+-------+
C                                  | BUFGP                  | 5     |
-----------------------------------+------------------------+-------+

Asynchronous Control Signals Information:
----------------------------------------
No asynchronous control signals found in this design

Timing Summary:
---------------
Speed Grade: -2

   Minimum period: 1.324ns (Maximum Frequency: 755.287MHz)
   Minimum input arrival time before clock: 2.627ns
   Maximum output required time after clock: 4.162ns
   Maximum combinational path delay: No path found

Timing Details:
---------------
All values displayed in nanoseconds (ns)

=========================================================================
Timing constraint: Default period analysis for Clock 'C'
  Clock period: 1.324ns (frequency: 755.287MHz)
  Total number of paths / destination ports: 3 / 3
-------------------------------------------------------------------------
Delay:               1.324ns (Levels of Logic = 0)
  Source:            data_1 (FF)
  Destination:       data_2 (FF)
  Source Clock:      C falling
  Destination Clock: C falling

  Data Path: data_1 to data_2
                                Gate     Net
    Cell:in->out      fanout   Delay   Delay  Logical Name (Net Name)
    ----------------------------------------  ------------
     FDCE_1:C->Q           2   0.525   0.725  data_1 (data_1)
     FDCE_1:D                  0.074          data_2
    ----------------------------------------
    Total                      1.324ns (0.599ns logic, 0.725ns route)
                                       (45.2% logic, 54.8% route)

=========================================================================
Timing constraint: Default OFFSET IN BEFORE for Clock 'C'
  Total number of paths / destination ports: 12 / 12
-------------------------------------------------------------------------
Offset:              2.627ns (Levels of Logic = 1)
  Source:            R (PAD)
  Destination:       data_0 (FF)
  Destination Clock: C falling

  Data Path: R to data_0
                                Gate     Net
    Cell:in->out      fanout   Delay   Delay  Logical Name (Net Name)
    ----------------------------------------  ------------
     IBUF:I->O             5   1.328   0.840  R_IBUF (R_IBUF)
     FDCE_1:CLR                0.459          data_0
    ----------------------------------------
    Total                      2.627ns (1.787ns logic, 0.840ns route)
                                       (68.0% logic, 32.0% route)

=========================================================================
Timing constraint: Default OFFSET OUT AFTER for Clock 'C'
  Total number of paths / destination ports: 4 / 4
-------------------------------------------------------------------------
Offset:              4.162ns (Levels of Logic = 1)
  Source:            data_2 (FF)
  Destination:       Q<2> (PAD)
  Source Clock:      C falling

  Data Path: data_2 to Q<2>
                                Gate     Net
    Cell:in->out      fanout   Delay   Delay  Logical Name (Net Name)
    ----------------------------------------  ------------
     FDCE_1:C->Q           2   0.525   0.725  data_2 (data_2)
     OBUF:I->O                 2.912          Q_2_OBUF (Q<2>)
    ----------------------------------------
    Total                      4.162ns (3.437ns logic, 0.725ns route)
                                       (82.6% logic, 17.4% route)

=========================================================================

Cross Clock Domains Report:
--------------------------

Clock to Setup on destination clock C
---------------+---------+---------+---------+---------+
               | Src:Rise| Src:Fall| Src:Rise| Src:Fall|
Source Clock   |Dest:Rise|Dest:Rise|Dest:Fall|Dest:Fall|
---------------+---------+---------+---------+---------+
C              |         |         |    1.324|         |
---------------+---------+---------+---------+---------+

=========================================================================


Total REAL time to Xst completion: 5.00 secs
Total CPU time to Xst completion: 4.69 secs
 
--> 

Total memory usage is 4486056 kilobytes

Number of errors   :    0 (   0 filtered)
Number of warnings :    0 (   0 filtered)
Number of infos    :    0 (   0 filtered)

