Command line:
   adder_beh_isim_beh.exe
     -simmode  gui
     -simrunnum  0
     -socket  49343

Tue Sep 22 17:53:24 2020


 Elaboration Time: 0.03125 sec

 Current Memory Usage: 5150.24 Meg

 Total Signals          : 5
 Total Nets             : 5
 Total Signal Drivers   : 2
 Total Blocks           : 2
 Total Primitive Blocks : 2
 Total Processes        : 2
 Total Traceable Variables  : 8
 Total Scalar Nets and Variables : 365
Total Line Count : 2

 Total Simulation Time: 0.03125 sec

 Current Memory Usage: 5150.24 Meg

Tue Sep 22 17:53:33 2020

