Command line:
   Task4_D_latch_with_permition_tb_isim_translate.exe
     -simmode  gui
     -simrunnum  0
     -socket  62274

Mon Nov 16 18:00:41 2020


 Elaboration Time: 0.046875 sec

 Current Memory Usage: 5150.26 Meg

 Total Signals          : 73
 Total Nets             : 45
 Total Signal Drivers   : 37
 Total Blocks           : 18
 Total Primitive Blocks : 15
 Total Processes        : 36
 Total Traceable Variables  : 46
 Total Scalar Nets and Variables : 1534
Total Line Count : 24

 Total Simulation Time: 0.203125 sec

 Current Memory Usage: 5150.26 Meg

Mon Nov 16 18:00:56 2020

