Command line:
   Task5_JK_trigger_isim_beh.exe
     -simmode  gui
     -simrunnum  0
     -socket  50426

Tue Nov 17 17:38:47 2020


 Elaboration Time: 0.03125 sec

 Current Memory Usage: 5150.31 Meg

 Total Signals          : 6
 Total Nets             : 6
 Total Signal Drivers   : 3
 Total Blocks           : 2
 Total Primitive Blocks : 2
 Total Processes        : 3
 Total Traceable Variables  : 8
 Total Scalar Nets and Variables : 366
Total Line Count : 8

 Total Simulation Time: 0.09375 sec

 Current Memory Usage: 5150.31 Meg

Tue Nov 17 17:38:53 2020

